Using pre-set license
Built from '2020.3/staging' branch; Version is '2020.3.8f1 (507919d4fff5) revision 5273881'; Using compiler version '192528614'; Build Type 'Release'
OS: 'Windows 10 Home; OS build 19042.1165; Version 2009; 64bit' Language: 'en' Physical Memory: 12209 MB
BatchMode: 1, IsHumanControllingUs: 0, StartBugReporterOnCrash: 0, Is64bit: 1, IsPro: 0

 COMMAND LINE ARGUMENTS:
C:\Program Files\Unity\Hub\Editor\2020.3.8f1\Editor\Unity.exe
-adb2
-batchMode
-noUpm
-name
AssetImportWorker0
-projectPath
C:/Users/ugura/Downloads/ColorSwitch
-logFile
Logs/AssetImportWorker0.log
-srvPort
62927
Successfully changed project path to: C:/Users/ugura/Downloads/ColorSwitch
C:/Users/ugura/Downloads/ColorSwitch
Using Asset Import Pipeline V2.
Refreshing native plugins compatible for Editor in 231.25 ms, found 1 plugins.
Preloading 0 native plugins for Editor in 0.00 ms.
Initialize engine version: 2020.3.8f1 (507919d4fff5)
[Subsystems] Discovering subsystems at path C:/Program Files/Unity/Hub/Editor/2020.3.8f1/Editor/Data/Resources/UnitySubsystems
[Subsystems] Discovering subsystems at path C:/Users/ugura/Downloads/ColorSwitch/Assets
GfxDevice: creating device client; threaded=0
Direct3D:
    Version:  Direct3D 11.0 [level 11.0]
    Renderer: NVIDIA GeForce GTX 960M (ID=0x139b)
    Vendor:   
    VRAM:     2010 MB
    Driver:   27.21.14.6677
Initialize mono
Mono path[0] = 'C:/Program Files/Unity/Hub/Editor/2020.3.8f1/Editor/Data/Managed'
Mono path[1] = 'C:/Program Files/Unity/Hub/Editor/2020.3.8f1/Editor/Data/MonoBleedingEdge/lib/mono/unityjit'
Mono config path = 'C:/Program Files/Unity/Hub/Editor/2020.3.8f1/Editor/Data/MonoBleedingEdge/etc'
Using monoOptions --debugger-agent=transport=dt_socket,embedding=1,server=y,suspend=n,address=127.0.0.1:56680
Begin MonoManager ReloadAssembly
Registering precompiled unity dll's ...
Register platform support module: C:/Program Files/Unity/Hub/Editor/2020.3.8f1/Editor/Data/PlaybackEngines/WindowsStandaloneSupport/UnityEditor.WindowsStandalone.Extensions.dll
Registered in 0.077202 seconds.
Native extension for WindowsStandalone target not found
Refreshing native plugins compatible for Editor in 125.66 ms, found 1 plugins.
Preloading 0 native plugins for Editor in 0.00 ms.
Mono: successfully reloaded assembly
- Completed reload, in 14.857 seconds
Platform modules already initialized, skipping
Registering precompiled user dll's ...
Registered in 0.004040 seconds.
Begin MonoManager ReloadAssembly
Native extension for WindowsStandalone target not found
Refreshing native plugins compatible for Editor in 76.09 ms, found 1 plugins.
Preloading 0 native plugins for Editor in 0.00 ms.
Mono: successfully reloaded assembly
- Completed reload, in  3.787 seconds
Platform modules already initialized, skipping
========================================================================
Worker process is ready to serve import requests
Launched and connected shader compiler UnityShaderCompiler.exe after 0.07 seconds
Refreshing native plugins compatible for Editor in 0.65 ms, found 1 plugins.
Preloading 0 native plugins for Editor in 0.00 ms.
Unloading 1809 Unused Serialized files (Serialized files now loaded: 0)
System memory in use before: 84.9 MB.
System memory in use after: 84.8 MB.

Unloading 24 unused Assets to reduce memory usage. Loaded Objects now: 2251.
Total: 4.724000 ms (FindLiveObjects: 0.405400 ms CreateObjectMapping: 0.284300 ms MarkObjects: 3.772900 ms  DeleteObjects: 0.258900 ms)

========================================================================
Received Import Request.
  path: Assets/Player.cs
  artifactKey: Guid(90cc2ba0995f55d458c45451971ab546) Importer(815301076,1909f56bfc062723c751e8b465ee728b)
Start importing Assets/Player.cs using Guid(90cc2ba0995f55d458c45451971ab546) Importer(815301076,1909f56bfc062723c751e8b465ee728b)  -> (artifact id: '6ea8483659a664beaeb00d6faf1c0792') in 0.079475 seconds
  Import took 0.085777 seconds .

========================================================================
Received Import Request.
  Time since last request: 160.747355 seconds.
  path: Assets/Player.cs
  artifactKey: Guid(90cc2ba0995f55d458c45451971ab546) Importer(815301076,1909f56bfc062723c751e8b465ee728b)
Start importing Assets/Player.cs using Guid(90cc2ba0995f55d458c45451971ab546) Importer(815301076,1909f56bfc062723c751e8b465ee728b)  -> (artifact id: '030d040600abfdb246ea2d639df1af0d') in 0.020031 seconds
  Import took 0.033564 seconds .

========================================================================
Received Prepare
Registering precompiled user dll's ...
Registered in 0.005422 seconds.
Begin MonoManager ReloadAssembly
Native extension for WindowsStandalone target not found
Refreshing native plugins compatible for Editor in 0.56 ms, found 1 plugins.
Preloading 0 native plugins for Editor in 0.00 ms.
Mono: successfully reloaded assembly
- Completed reload, in  2.104 seconds
Platform modules already initialized, skipping
Refreshing native plugins compatible for Editor in 0.82 ms, found 1 plugins.
Preloading 0 native plugins for Editor in 0.00 ms.
Unloading 1804 Unused Serialized files (Serialized files now loaded: 0)
System memory in use before: 84.9 MB.
System memory in use after: 84.8 MB.

Unloading 12 unused Assets to reduce memory usage. Loaded Objects now: 2255.
Total: 3.799800 ms (FindLiveObjects: 0.288100 ms CreateObjectMapping: 0.132800 ms MarkObjects: 3.174000 ms  DeleteObjects: 0.202100 ms)

========================================================================
Received Prepare
Registering precompiled user dll's ...
Registered in 0.004076 seconds.
Begin MonoManager ReloadAssembly
Native extension for WindowsStandalone target not found
Refreshing native plugins compatible for Editor in 0.49 ms, found 1 plugins.
Preloading 0 native plugins for Editor in 0.00 ms.
Mono: successfully reloaded assembly
- Completed reload, in  2.290 seconds
Platform modules already initialized, skipping
Refreshing native plugins compatible for Editor in 0.43 ms, found 1 plugins.
Preloading 0 native plugins for Editor in 0.00 ms.
Unloading 1804 Unused Serialized files (Serialized files now loaded: 0)
System memory in use before: 84.9 MB.
System memory in use after: 84.9 MB.

Unloading 12 unused Assets to reduce memory usage. Loaded Objects now: 2259.
Total: 4.592900 ms (FindLiveObjects: 0.318800 ms CreateObjectMapping: 0.165700 ms MarkObjects: 3.877600 ms  DeleteObjects: 0.227900 ms)

========================================================================
Received Prepare
Registering precompiled user dll's ...
Registered in 0.003990 seconds.
Begin MonoManager ReloadAssembly
Native extension for WindowsStandalone target not found
Refreshing native plugins compatible for Editor in 0.46 ms, found 1 plugins.
Preloading 0 native plugins for Editor in 0.00 ms.
Mono: successfully reloaded assembly
- Completed reload, in  1.874 seconds
Platform modules already initialized, skipping
Refreshing native plugins compatible for Editor in 0.44 ms, found 1 plugins.
Preloading 0 native plugins for Editor in 0.00 ms.
Unloading 1804 Unused Serialized files (Serialized files now loaded: 0)
System memory in use before: 84.9 MB.
System memory in use after: 84.9 MB.

Unloading 12 unused Assets to reduce memory usage. Loaded Objects now: 2263.
Total: 2.977800 ms (FindLiveObjects: 0.231700 ms CreateObjectMapping: 0.163100 ms MarkObjects: 2.461600 ms  DeleteObjects: 0.120300 ms)

========================================================================
Received Prepare
Registering precompiled user dll's ...
Registered in 0.002930 seconds.
Begin MonoManager ReloadAssembly
Native extension for WindowsStandalone target not found
Refreshing native plugins compatible for Editor in 0.64 ms, found 1 plugins.
Preloading 0 native plugins for Editor in 0.00 ms.
Mono: successfully reloaded assembly
- Completed reload, in  1.966 seconds
Platform modules already initialized, skipping
Refreshing native plugins compatible for Editor in 0.53 ms, found 1 plugins.
Preloading 0 native plugins for Editor in 0.00 ms.
Unloading 1804 Unused Serialized files (Serialized files now loaded: 0)
System memory in use before: 84.9 MB.
System memory in use after: 84.9 MB.

Unloading 12 unused Assets to reduce memory usage. Loaded Objects now: 2267.
Total: 3.029500 ms (FindLiveObjects: 0.268300 ms CreateObjectMapping: 0.179800 ms MarkObjects: 2.436800 ms  DeleteObjects: 0.143300 ms)

========================================================================
Received Prepare
Registering precompiled user dll's ...
Registered in 0.003654 seconds.
Begin MonoManager ReloadAssembly
Native extension for WindowsStandalone target not found
Refreshing native plugins compatible for Editor in 0.48 ms, found 1 plugins.
Preloading 0 native plugins for Editor in 0.00 ms.
Mono: successfully reloaded assembly
- Completed reload, in  1.843 seconds
Platform modules already initialized, skipping
Refreshing native plugins compatible for Editor in 0.46 ms, found 1 plugins.
Preloading 0 native plugins for Editor in 0.00 ms.
Unloading 1804 Unused Serialized files (Serialized files now loaded: 0)
System memory in use before: 84.9 MB.
System memory in use after: 84.9 MB.

Unloading 12 unused Assets to reduce memory usage. Loaded Objects now: 2271.
Total: 2.804500 ms (FindLiveObjects: 0.182200 ms CreateObjectMapping: 0.084700 ms MarkObjects: 2.397600 ms  DeleteObjects: 0.138700 ms)

========================================================================
Received Prepare
Registering precompiled user dll's ...
Registered in 0.010060 seconds.
Begin MonoManager ReloadAssembly
Native extension for WindowsStandalone target not found
Refreshing native plugins compatible for Editor in 0.52 ms, found 1 plugins.
Preloading 0 native plugins for Editor in 0.00 ms.
Mono: successfully reloaded assembly
- Completed reload, in  2.709 seconds
Platform modules already initialized, skipping
Refreshing native plugins compatible for Editor in 0.59 ms, found 1 plugins.
Preloading 0 native plugins for Editor in 0.00 ms.
Unloading 1804 Unused Serialized files (Serialized files now loaded: 0)
System memory in use before: 85.0 MB.
System memory in use after: 84.9 MB.

Unloading 12 unused Assets to reduce memory usage. Loaded Objects now: 2275.
Total: 5.724100 ms (FindLiveObjects: 0.307400 ms CreateObjectMapping: 0.203900 ms MarkObjects: 4.946900 ms  DeleteObjects: 0.262700 ms)

========================================================================
Received Import Request.
  Time since last request: 443.649720 seconds.
  path: Assets/Small Circle.psd
  artifactKey: Guid(e4c000bff83e0e84487e672e2486f5c3) Importer(815301076,1909f56bfc062723c751e8b465ee728b)
Start importing Assets/Small Circle.psd using Guid(e4c000bff83e0e84487e672e2486f5c3) Importer(815301076,1909f56bfc062723c751e8b465ee728b)  -> (artifact id: 'ab48aa3285edc769e28540d00d60edb7') in 0.270572 seconds
  Import took 0.277825 seconds .

========================================================================
Received Import Request.
  Time since last request: 18.792168 seconds.
  path: Assets/Small Circle.psd
  artifactKey: Guid(e4c000bff83e0e84487e672e2486f5c3) Importer(815301076,1909f56bfc062723c751e8b465ee728b)
Start importing Assets/Small Circle.psd using Guid(e4c000bff83e0e84487e672e2486f5c3) Importer(815301076,1909f56bfc062723c751e8b465ee728b)  -> (artifact id: '49d95bc3c7c6a029d331f2272c902723') in 0.042000 seconds
  Import took 0.048754 seconds .

========================================================================
Received Import Request.
  Time since last request: 8.408428 seconds.
  path: Assets/Small Circle.psd
  artifactKey: Guid(e4c000bff83e0e84487e672e2486f5c3) Importer(815301076,1909f56bfc062723c751e8b465ee728b)
Start importing Assets/Small Circle.psd using Guid(e4c000bff83e0e84487e672e2486f5c3) Importer(815301076,1909f56bfc062723c751e8b465ee728b)  -> (artifact id: 'b213839cd46214a202ee57f3a67f5f00') in 0.044655 seconds
  Import took 0.051013 seconds .

========================================================================
Received Import Request.
  Time since last request: 1419.183341 seconds.
  path: Assets/Small Circle.psd
  artifactKey: Guid(e4c000bff83e0e84487e672e2486f5c3) Importer(815301076,1909f56bfc062723c751e8b465ee728b)
Start importing Assets/Small Circle.psd using Guid(e4c000bff83e0e84487e672e2486f5c3) Importer(815301076,1909f56bfc062723c751e8b465ee728b)  -> (artifact id: '2dbc9753427dffa36666f24742aebcdb') in 0.082194 seconds
  Import took 0.089545 seconds .

========================================================================
Received Prepare
Registering precompiled user dll's ...
Registered in 0.003547 seconds.
Begin MonoManager ReloadAssembly
Native extension for WindowsStandalone target not found
Refreshing native plugins compatible for Editor in 0.73 ms, found 1 plugins.
Preloading 0 native plugins for Editor in 0.00 ms.
Mono: successfully reloaded assembly
- Completed reload, in  2.033 seconds
Platform modules already initialized, skipping
Refreshing native plugins compatible for Editor in 0.85 ms, found 1 plugins.
Preloading 0 native plugins for Editor in 0.00 ms.
Unloading 1804 Unused Serialized files (Serialized files now loaded: 0)
System memory in use before: 88.0 MB.
System memory in use after: 88.0 MB.

Unloading 12 unused Assets to reduce memory usage. Loaded Objects now: 2287.
Total: 3.095200 ms (FindLiveObjects: 0.241000 ms CreateObjectMapping: 0.091900 ms MarkObjects: 2.575400 ms  DeleteObjects: 0.185200 ms)

========================================================================
Received Import Request.
  Time since last request: 121.812364 seconds.
  path: Assets/Small Circle.psd
  artifactKey: Guid(e4c000bff83e0e84487e672e2486f5c3) Importer(815301076,1909f56bfc062723c751e8b465ee728b)
Start importing Assets/Small Circle.psd using Guid(e4c000bff83e0e84487e672e2486f5c3) Importer(815301076,1909f56bfc062723c751e8b465ee728b)  -> (artifact id: '917ae1c426523902bed29789fee8f47e') in 0.122305 seconds
  Import took 0.126566 seconds .

========================================================================
Received Import Request.
  Time since last request: 472.720868 seconds.
  path: Assets/Small Circle.psd
  artifactKey: Guid(e4c000bff83e0e84487e672e2486f5c3) Importer(815301076,1909f56bfc062723c751e8b465ee728b)
Start importing Assets/Small Circle.psd using Guid(e4c000bff83e0e84487e672e2486f5c3) Importer(815301076,1909f56bfc062723c751e8b465ee728b)  -> (artifact id: '13c79fc02261b8c1d81a9b12b15de9a6') in 0.029059 seconds
  Import took 0.034566 seconds .

========================================================================
Received Import Request.
  Time since last request: 180.093121 seconds.
  path: Assets/Small Circle.psd
  artifactKey: Guid(e4c000bff83e0e84487e672e2486f5c3) Importer(815301076,1909f56bfc062723c751e8b465ee728b)
Start importing Assets/Small Circle.psd using Guid(e4c000bff83e0e84487e672e2486f5c3) Importer(815301076,1909f56bfc062723c751e8b465ee728b)  -> (artifact id: '7a4b2d772e8394df5856ffe57abef342') in 0.027314 seconds
  Import took 0.031476 seconds .

========================================================================
Received Import Request.
  Time since last request: 199.319339 seconds.
  path: Assets/Rotator.cs
  artifactKey: Guid(a460624d29fbd4847aa3c831e412a2ff) Importer(815301076,1909f56bfc062723c751e8b465ee728b)
Start importing Assets/Rotator.cs using Guid(a460624d29fbd4847aa3c831e412a2ff) Importer(815301076,1909f56bfc062723c751e8b465ee728b)  -> (artifact id: '77640d66c196567c156a7c11341ff73c') in 0.037934 seconds
  Import took 0.049055 seconds .

========================================================================
Received Prepare
Registering precompiled user dll's ...
Registered in 0.004812 seconds.
Begin MonoManager ReloadAssembly
Native extension for WindowsStandalone target not found
Refreshing native plugins compatible for Editor in 0.60 ms, found 1 plugins.
Preloading 0 native plugins for Editor in 0.00 ms.
Mono: successfully reloaded assembly
- Completed reload, in  2.991 seconds
Platform modules already initialized, skipping
Refreshing native plugins compatible for Editor in 1.62 ms, found 1 plugins.
Preloading 0 native plugins for Editor in 0.00 ms.
Unloading 1805 Unused Serialized files (Serialized files now loaded: 0)
System memory in use before: 88.1 MB.
System memory in use after: 88.1 MB.

Unloading 12 unused Assets to reduce memory usage. Loaded Objects now: 2293.
Total: 5.593900 ms (FindLiveObjects: 0.581000 ms CreateObjectMapping: 0.208300 ms MarkObjects: 4.278600 ms  DeleteObjects: 0.522400 ms)

========================================================================
Received Import Request.
  Time since last request: 67.755811 seconds.
  path: Assets/Rotator.cs
  artifactKey: Guid(a460624d29fbd4847aa3c831e412a2ff) Importer(815301076,1909f56bfc062723c751e8b465ee728b)
Start importing Assets/Rotator.cs using Guid(a460624d29fbd4847aa3c831e412a2ff) Importer(815301076,1909f56bfc062723c751e8b465ee728b)  -> (artifact id: 'd414667c410de259e22a5a684c79aa94') in 0.050289 seconds
  Import took 0.074857 seconds .

========================================================================
Received Prepare
Registering precompiled user dll's ...
Registered in 0.003278 seconds.
Begin MonoManager ReloadAssembly
Native extension for WindowsStandalone target not found
Refreshing native plugins compatible for Editor in 0.91 ms, found 1 plugins.
Preloading 0 native plugins for Editor in 0.00 ms.
Mono: successfully reloaded assembly
- Completed reload, in  1.900 seconds
Platform modules already initialized, skipping
Refreshing native plugins compatible for Editor in 0.48 ms, found 1 plugins.
Preloading 0 native plugins for Editor in 0.00 ms.
Unloading 1805 Unused Serialized files (Serialized files now loaded: 0)
System memory in use before: 88.1 MB.
System memory in use after: 88.1 MB.

Unloading 12 unused Assets to reduce memory usage. Loaded Objects now: 2297.
Total: 2.874500 ms (FindLiveObjects: 0.240700 ms CreateObjectMapping: 0.151300 ms MarkObjects: 2.357000 ms  DeleteObjects: 0.124200 ms)

========================================================================
Received Prepare
Registering precompiled user dll's ...
Registered in 0.002857 seconds.
Begin MonoManager ReloadAssembly
Native extension for WindowsStandalone target not found
Refreshing native plugins compatible for Editor in 0.46 ms, found 1 plugins.
Preloading 0 native plugins for Editor in 0.00 ms.
Mono: successfully reloaded assembly
- Completed reload, in  2.058 seconds
Platform modules already initialized, skipping
Refreshing native plugins compatible for Editor in 0.50 ms, found 1 plugins.
Preloading 0 native plugins for Editor in 0.00 ms.
Unloading 1805 Unused Serialized files (Serialized files now loaded: 0)
System memory in use before: 88.1 MB.
System memory in use after: 88.1 MB.

Unloading 12 unused Assets to reduce memory usage. Loaded Objects now: 2301.
Total: 3.191400 ms (FindLiveObjects: 0.266900 ms CreateObjectMapping: 0.172900 ms MarkObjects: 2.594200 ms  DeleteObjects: 0.156300 ms)

========================================================================
Received Prepare
Registering precompiled user dll's ...
Registered in 0.003352 seconds.
Begin MonoManager ReloadAssembly
Native extension for WindowsStandalone target not found
Refreshing native plugins compatible for Editor in 0.54 ms, found 1 plugins.
Preloading 0 native plugins for Editor in 0.00 ms.
Mono: successfully reloaded assembly
- Completed reload, in  2.015 seconds
Platform modules already initialized, skipping
Refreshing native plugins compatible for Editor in 0.43 ms, found 1 plugins.
Preloading 0 native plugins for Editor in 0.00 ms.
Unloading 1805 Unused Serialized files (Serialized files now loaded: 0)
System memory in use before: 88.1 MB.
System memory in use after: 88.1 MB.

Unloading 12 unused Assets to reduce memory usage. Loaded Objects now: 2305.
Total: 2.405900 ms (FindLiveObjects: 0.219600 ms CreateObjectMapping: 0.072000 ms MarkObjects: 1.964800 ms  DeleteObjects: 0.148200 ms)

========================================================================
Received Import Request.
  Time since last request: 208.406520 seconds.
  path: ProjectSettings/TagManager.asset
  artifactKey: Guid(00000000000000003000000000000000) Importer(815301076,1909f56bfc062723c751e8b465ee728b)
Start importing ProjectSettings/TagManager.asset using Guid(00000000000000003000000000000000) Importer(815301076,1909f56bfc062723c751e8b465ee728b)  -> (artifact id: '95df672b4aaba54310d34c83eef51bb8') in 0.027339 seconds
  Import took 0.031255 seconds .

========================================================================
Received Prepare
Registering precompiled user dll's ...
Registered in 0.003699 seconds.
Begin MonoManager ReloadAssembly
Native extension for WindowsStandalone target not found
Refreshing native plugins compatible for Editor in 0.92 ms, found 1 plugins.
Preloading 0 native plugins for Editor in 0.00 ms.
Mono: successfully reloaded assembly
- Completed reload, in  2.017 seconds
Platform modules already initialized, skipping
Refreshing native plugins compatible for Editor in 0.78 ms, found 1 plugins.
Preloading 0 native plugins for Editor in 0.00 ms.
Unloading 1805 Unused Serialized files (Serialized files now loaded: 0)
System memory in use before: 88.1 MB.
System memory in use after: 88.1 MB.

Unloading 13 unused Assets to reduce memory usage. Loaded Objects now: 2309.
Total: 3.244700 ms (FindLiveObjects: 0.305800 ms CreateObjectMapping: 0.187200 ms MarkObjects: 2.572600 ms  DeleteObjects: 0.177600 ms)

========================================================================
Received Prepare
Registering precompiled user dll's ...
Registered in 0.004010 seconds.
Begin MonoManager ReloadAssembly
Native extension for WindowsStandalone target not found
Refreshing native plugins compatible for Editor in 0.51 ms, found 1 plugins.
Preloading 0 native plugins for Editor in 0.00 ms.
Mono: successfully reloaded assembly
- Completed reload, in  2.178 seconds
Platform modules already initialized, skipping
Refreshing native plugins compatible for Editor in 0.82 ms, found 1 plugins.
Preloading 0 native plugins for Editor in 0.00 ms.
Unloading 1805 Unused Serialized files (Serialized files now loaded: 0)
System memory in use before: 88.1 MB.
System memory in use after: 88.1 MB.

Unloading 12 unused Assets to reduce memory usage. Loaded Objects now: 2313.
Total: 4.127300 ms (FindLiveObjects: 0.332200 ms CreateObjectMapping: 0.222400 ms MarkObjects: 3.372800 ms  DeleteObjects: 0.197900 ms)

========================================================================
Received Prepare
Registering precompiled user dll's ...
Registered in 0.003498 seconds.
Begin MonoManager ReloadAssembly
Native extension for WindowsStandalone target not found
Refreshing native plugins compatible for Editor in 0.43 ms, found 1 plugins.
Preloading 0 native plugins for Editor in 0.00 ms.
Mono: successfully reloaded assembly
- Completed reload, in  1.921 seconds
Platform modules already initialized, skipping
Refreshing native plugins compatible for Editor in 0.62 ms, found 1 plugins.
Preloading 0 native plugins for Editor in 0.00 ms.
Unloading 1805 Unused Serialized files (Serialized files now loaded: 0)
System memory in use before: 88.1 MB.
System memory in use after: 88.1 MB.

Unloading 12 unused Assets to reduce memory usage. Loaded Objects now: 2317.
Total: 3.650200 ms (FindLiveObjects: 0.274500 ms CreateObjectMapping: 0.122300 ms MarkObjects: 3.069100 ms  DeleteObjects: 0.182500 ms)

========================================================================
Received Prepare
Registering precompiled user dll's ...
Registered in 0.003645 seconds.
Begin MonoManager ReloadAssembly
Native extension for WindowsStandalone target not found
Refreshing native plugins compatible for Editor in 1.32 ms, found 1 plugins.
Preloading 0 native plugins for Editor in 0.00 ms.
Mono: successfully reloaded assembly
- Completed reload, in  1.988 seconds
Platform modules already initialized, skipping
Refreshing native plugins compatible for Editor in 0.58 ms, found 1 plugins.
Preloading 0 native plugins for Editor in 0.00 ms.
Unloading 1805 Unused Serialized files (Serialized files now loaded: 0)
System memory in use before: 88.1 MB.
System memory in use after: 88.1 MB.

Unloading 12 unused Assets to reduce memory usage. Loaded Objects now: 2321.
Total: 3.327800 ms (FindLiveObjects: 0.314100 ms CreateObjectMapping: 0.190100 ms MarkObjects: 2.661900 ms  DeleteObjects: 0.160200 ms)

========================================================================
Received Prepare
Registering precompiled user dll's ...
Registered in 0.004117 seconds.
Begin MonoManager ReloadAssembly
Native extension for WindowsStandalone target not found
Refreshing native plugins compatible for Editor in 0.56 ms, found 1 plugins.
Preloading 0 native plugins for Editor in 0.00 ms.
Mono: successfully reloaded assembly
- Completed reload, in  2.319 seconds
Platform modules already initialized, skipping
Refreshing native plugins compatible for Editor in 0.72 ms, found 1 plugins.
Preloading 0 native plugins for Editor in 0.00 ms.
Unloading 1805 Unused Serialized files (Serialized files now loaded: 0)
System memory in use before: 88.2 MB.
System memory in use after: 88.1 MB.

Unloading 12 unused Assets to reduce memory usage. Loaded Objects now: 2325.
Total: 4.015600 ms (FindLiveObjects: 0.359200 ms CreateObjectMapping: 0.152000 ms MarkObjects: 3.317300 ms  DeleteObjects: 0.185000 ms)

========================================================================
Received Prepare
Registering precompiled user dll's ...
Registered in 0.003383 seconds.
Begin MonoManager ReloadAssembly
Native extension for WindowsStandalone target not found
Refreshing native plugins compatible for Editor in 0.44 ms, found 1 plugins.
Preloading 0 native plugins for Editor in 0.00 ms.
Mono: successfully reloaded assembly
- Completed reload, in  2.081 seconds
Platform modules already initialized, skipping
Refreshing native plugins compatible for Editor in 0.42 ms, found 1 plugins.
Preloading 0 native plugins for Editor in 0.00 ms.
Unloading 1805 Unused Serialized files (Serialized files now loaded: 0)
System memory in use before: 88.2 MB.
System memory in use after: 88.1 MB.

Unloading 12 unused Assets to reduce memory usage. Loaded Objects now: 2329.
Total: 2.420600 ms (FindLiveObjects: 0.205800 ms CreateObjectMapping: 0.071300 ms MarkObjects: 2.005500 ms  DeleteObjects: 0.136800 ms)

========================================================================
Received Prepare
Registering precompiled user dll's ...
Registered in 0.005785 seconds.
Begin MonoManager ReloadAssembly
Native extension for WindowsStandalone target not found
Refreshing native plugins compatible for Editor in 0.60 ms, found 1 plugins.
Preloading 0 native plugins for Editor in 0.00 ms.
Mono: successfully reloaded assembly
- Completed reload, in  3.268 seconds
Platform modules already initialized, skipping
Refreshing native plugins compatible for Editor in 0.49 ms, found 1 plugins.
Preloading 0 native plugins for Editor in 0.00 ms.
Unloading 1805 Unused Serialized files (Serialized files now loaded: 0)
System memory in use before: 88.2 MB.
System memory in use after: 88.1 MB.

Unloading 12 unused Assets to reduce memory usage. Loaded Objects now: 2333.
Total: 4.639700 ms (FindLiveObjects: 0.360500 ms CreateObjectMapping: 0.230000 ms MarkObjects: 3.817900 ms  DeleteObjects: 0.228800 ms)

========================================================================
Received Prepare
Registering precompiled user dll's ...
Registered in 0.005090 seconds.
Begin MonoManager ReloadAssembly
Native extension for WindowsStandalone target not found
Refreshing native plugins compatible for Editor in 0.53 ms, found 1 plugins.
Preloading 0 native plugins for Editor in 0.00 ms.
Mono: successfully reloaded assembly
- Completed reload, in  3.485 seconds
Platform modules already initialized, skipping
Refreshing native plugins compatible for Editor in 1.91 ms, found 1 plugins.
Preloading 0 native plugins for Editor in 0.00 ms.
Unloading 1806 Unused Serialized files (Serialized files now loaded: 0)
System memory in use before: 88.2 MB.
System memory in use after: 88.2 MB.

Unloading 12 unused Assets to reduce memory usage. Loaded Objects now: 2338.
Total: 5.465000 ms (FindLiveObjects: 0.417600 ms CreateObjectMapping: 0.212900 ms MarkObjects: 4.543200 ms  DeleteObjects: 0.288300 ms)

========================================================================
Received Import Request.
  Time since last request: 1264.359764 seconds.
  path: Assets/FollowPlayer.cs
  artifactKey: Guid(ae0f7132af271204082003915add11d0) Importer(815301076,1909f56bfc062723c751e8b465ee728b)
Start importing Assets/FollowPlayer.cs using Guid(ae0f7132af271204082003915add11d0) Importer(815301076,1909f56bfc062723c751e8b465ee728b)  -> (artifact id: '4a122007f2e2b9e918581095c2362a5b') in 0.034112 seconds
  Import took 0.043950 seconds .

========================================================================
Received Prepare
Registering precompiled user dll's ...
Registered in 0.004402 seconds.
Begin MonoManager ReloadAssembly
Native extension for WindowsStandalone target not found
Refreshing native plugins compatible for Editor in 0.61 ms, found 1 plugins.
Preloading 0 native plugins for Editor in 0.00 ms.
Mono: successfully reloaded assembly
- Completed reload, in  2.230 seconds
Platform modules already initialized, skipping
Refreshing native plugins compatible for Editor in 0.44 ms, found 1 plugins.
Preloading 0 native plugins for Editor in 0.00 ms.
Unloading 1806 Unused Serialized files (Serialized files now loaded: 0)
System memory in use before: 88.2 MB.
System memory in use after: 88.2 MB.

Unloading 12 unused Assets to reduce memory usage. Loaded Objects now: 2342.
Total: 3.018700 ms (FindLiveObjects: 0.244700 ms CreateObjectMapping: 0.154000 ms MarkObjects: 2.490000 ms  DeleteObjects: 0.129000 ms)

========================================================================
Received Import Request.
  Time since last request: 114.225505 seconds.
  path: Assets/FollowPlayer.cs
  artifactKey: Guid(ae0f7132af271204082003915add11d0) Importer(815301076,1909f56bfc062723c751e8b465ee728b)
Start importing Assets/FollowPlayer.cs using Guid(ae0f7132af271204082003915add11d0) Importer(815301076,1909f56bfc062723c751e8b465ee728b)  -> (artifact id: '4a512ea58d631c15596d4e6a1a73e73e') in 0.007561 seconds
  Import took 0.011623 seconds .

========================================================================
Received Prepare
Registering precompiled user dll's ...
Registered in 0.003638 seconds.
Begin MonoManager ReloadAssembly
Native extension for WindowsStandalone target not found
Refreshing native plugins compatible for Editor in 0.46 ms, found 1 plugins.
Preloading 0 native plugins for Editor in 0.00 ms.
Mono: successfully reloaded assembly
- Completed reload, in  1.915 seconds
Platform modules already initialized, skipping
Refreshing native plugins compatible for Editor in 0.54 ms, found 1 plugins.
Preloading 0 native plugins for Editor in 0.00 ms.
Unloading 1806 Unused Serialized files (Serialized files now loaded: 0)
System memory in use before: 88.2 MB.
System memory in use after: 88.2 MB.

Unloading 12 unused Assets to reduce memory usage. Loaded Objects now: 2346.
Total: 3.228500 ms (FindLiveObjects: 0.291300 ms CreateObjectMapping: 0.171600 ms MarkObjects: 2.600800 ms  DeleteObjects: 0.163300 ms)

========================================================================
Received Prepare
Registering precompiled user dll's ...
Registered in 0.003897 seconds.
Begin MonoManager ReloadAssembly
Native extension for WindowsStandalone target not found
Refreshing native plugins compatible for Editor in 0.81 ms, found 1 plugins.
Preloading 0 native plugins for Editor in 0.00 ms.
Mono: successfully reloaded assembly
- Completed reload, in  1.946 seconds
Platform modules already initialized, skipping
Refreshing native plugins compatible for Editor in 0.46 ms, found 1 plugins.
Preloading 0 native plugins for Editor in 0.00 ms.
Unloading 1806 Unused Serialized files (Serialized files now loaded: 0)
System memory in use before: 88.2 MB.
System memory in use after: 88.2 MB.

Unloading 12 unused Assets to reduce memory usage. Loaded Objects now: 2350.
Total: 2.516500 ms (FindLiveObjects: 0.213000 ms CreateObjectMapping: 0.087000 ms MarkObjects: 2.083300 ms  DeleteObjects: 0.132100 ms)

========================================================================
Received Import Request.
  Time since last request: 125.280872 seconds.
  path: ProjectSettings/TagManager.asset
  artifactKey: Guid(00000000000000003000000000000000) Importer(815301076,1909f56bfc062723c751e8b465ee728b)
Start importing ProjectSettings/TagManager.asset using Guid(00000000000000003000000000000000) Importer(815301076,1909f56bfc062723c751e8b465ee728b)  -> (artifact id: 'c8cf8278e99a1e6b3806ffe1d95f0d65') in 0.024087 seconds
  Import took 0.028398 seconds .

========================================================================
Received Import Request.
  Time since last request: 0.001329 seconds.
  path: ProjectSettings/TagManager.asset
  artifactKey: Guid(00000000000000003000000000000000) Importer(815301076,1909f56bfc062723c751e8b465ee728b)
Start importing ProjectSettings/TagManager.asset using Guid(00000000000000003000000000000000) Importer(815301076,1909f56bfc062723c751e8b465ee728b)  -> (artifact id: 'c8cf8278e99a1e6b3806ffe1d95f0d65') in 0.008133 seconds
  Import took 0.012512 seconds .

========================================================================
Received Import Request.
  Time since last request: 165.638389 seconds.
  path: Assets/Circle.prefab
  artifactKey: Guid(7baaad0d4ba14c1458a326c2e8321a69) Importer(815301076,1909f56bfc062723c751e8b465ee728b)
Start importing Assets/Circle.prefab using Guid(7baaad0d4ba14c1458a326c2e8321a69) Importer(815301076,1909f56bfc062723c751e8b465ee728b)  -> (artifact id: '15a236aa92f9e88c83a777f2e3e39d4c') in 0.296308 seconds
  Import took 0.307305 seconds .

========================================================================
Received Import Request.
  Time since last request: 1.242511 seconds.
  path: Assets/ColorChanger.prefab
  artifactKey: Guid(f597623e41250b14ca3dbec9a80bc591) Importer(815301076,1909f56bfc062723c751e8b465ee728b)
Start importing Assets/ColorChanger.prefab using Guid(f597623e41250b14ca3dbec9a80bc591) Importer(815301076,1909f56bfc062723c751e8b465ee728b)  -> (artifact id: 'ffe7090d1c5ba4e4b72ac1f4502495f9') in 0.043453 seconds
  Import took 0.055545 seconds .

========================================================================
Received Import Request.
  Time since last request: 0.033834 seconds.
  path: Assets/ColorChanger.prefab
  artifactKey: Guid(f597623e41250b14ca3dbec9a80bc591) Importer(815301076,1909f56bfc062723c751e8b465ee728b)
Start importing Assets/ColorChanger.prefab using Guid(f597623e41250b14ca3dbec9a80bc591) Importer(815301076,1909f56bfc062723c751e8b465ee728b)  -> (artifact id: 'ffe7090d1c5ba4e4b72ac1f4502495f9') in 0.055642 seconds
  Import took 0.086288 seconds .

========================================================================
Received Prepare
Registering precompiled user dll's ...
Registered in 0.002812 seconds.
Begin MonoManager ReloadAssembly
Native extension for WindowsStandalone target not found
Refreshing native plugins compatible for Editor in 0.50 ms, found 1 plugins.
Preloading 0 native plugins for Editor in 0.00 ms.
Mono: successfully reloaded assembly
- Completed reload, in  1.929 seconds
Platform modules already initialized, skipping
Refreshing native plugins compatible for Editor in 0.70 ms, found 1 plugins.
Preloading 0 native plugins for Editor in 0.00 ms.
Unloading 1806 Unused Serialized files (Serialized files now loaded: 0)
System memory in use before: 88.3 MB.
System memory in use after: 88.3 MB.

Unloading 14 unused Assets to reduce memory usage. Loaded Objects now: 2358.
Total: 3.826700 ms (FindLiveObjects: 0.323400 ms CreateObjectMapping: 0.204700 ms MarkObjects: 3.119100 ms  DeleteObjects: 0.178100 ms)

========================================================================
Received Prepare
Registering precompiled user dll's ...
Registered in 0.002645 seconds.
Begin MonoManager ReloadAssembly
Native extension for WindowsStandalone target not found
Refreshing native plugins compatible for Editor in 0.52 ms, found 1 plugins.
Preloading 0 native plugins for Editor in 0.00 ms.
Mono: successfully reloaded assembly
- Completed reload, in  1.840 seconds
Platform modules already initialized, skipping
Refreshing native plugins compatible for Editor in 0.54 ms, found 1 plugins.
Preloading 0 native plugins for Editor in 0.00 ms.
Unloading 1806 Unused Serialized files (Serialized files now loaded: 0)
System memory in use before: 88.3 MB.
System memory in use after: 88.3 MB.

Unloading 12 unused Assets to reduce memory usage. Loaded Objects now: 2362.
Total: 3.546300 ms (FindLiveObjects: 0.331700 ms CreateObjectMapping: 0.186800 ms MarkObjects: 2.826000 ms  DeleteObjects: 0.199900 ms)

========================================================================
Received Prepare
Registering precompiled user dll's ...
Registered in 0.003344 seconds.
Begin MonoManager ReloadAssembly
Native extension for WindowsStandalone target not found
Refreshing native plugins compatible for Editor in 0.50 ms, found 1 plugins.
Preloading 0 native plugins for Editor in 0.00 ms.
Mono: successfully reloaded assembly
- Completed reload, in  1.933 seconds
Platform modules already initialized, skipping
Refreshing native plugins compatible for Editor in 0.73 ms, found 1 plugins.
Preloading 0 native plugins for Editor in 0.00 ms.
Unloading 1806 Unused Serialized files (Serialized files now loaded: 0)
System memory in use before: 88.3 MB.
System memory in use after: 88.3 MB.

Unloading 12 unused Assets to reduce memory usage. Loaded Objects now: 2366.
Total: 6.681800 ms (FindLiveObjects: 0.319200 ms CreateObjectMapping: 0.153200 ms MarkObjects: 5.858200 ms  DeleteObjects: 0.347800 ms)

========================================================================
Received Prepare
Registering precompiled user dll's ...
Registered in 0.003123 seconds.
Begin MonoManager ReloadAssembly
Native extension for WindowsStandalone target not found
Refreshing native plugins compatible for Editor in 0.51 ms, found 1 plugins.
Preloading 0 native plugins for Editor in 0.00 ms.
Mono: successfully reloaded assembly
- Completed reload, in  2.249 seconds
Platform modules already initialized, skipping
Refreshing native plugins compatible for Editor in 0.56 ms, found 1 plugins.
Preloading 0 native plugins for Editor in 0.00 ms.
Unloading 1806 Unused Serialized files (Serialized files now loaded: 0)
System memory in use before: 88.3 MB.
System memory in use after: 88.3 MB.

Unloading 12 unused Assets to reduce memory usage. Loaded Objects now: 2370.
Total: 3.493500 ms (FindLiveObjects: 0.325700 ms CreateObjectMapping: 0.215900 ms MarkObjects: 2.777100 ms  DeleteObjects: 0.173300 ms)

========================================================================
Received Prepare
Registering precompiled user dll's ...
Registered in 0.004017 seconds.
Begin MonoManager ReloadAssembly
Native extension for WindowsStandalone target not found
Refreshing native plugins compatible for Editor in 0.59 ms, found 1 plugins.
Preloading 0 native plugins for Editor in 0.00 ms.
Mono: successfully reloaded assembly
- Completed reload, in  2.009 seconds
Platform modules already initialized, skipping
Refreshing native plugins compatible for Editor in 0.63 ms, found 1 plugins.
Preloading 0 native plugins for Editor in 0.00 ms.
Unloading 1806 Unused Serialized files (Serialized files now loaded: 0)
System memory in use before: 88.3 MB.
System memory in use after: 88.3 MB.

Unloading 12 unused Assets to reduce memory usage. Loaded Objects now: 2374.
Total: 4.492500 ms (FindLiveObjects: 0.342700 ms CreateObjectMapping: 0.240900 ms MarkObjects: 3.702700 ms  DeleteObjects: 0.204300 ms)

========================================================================
Received Prepare
Registering precompiled user dll's ...
Registered in 0.002999 seconds.
Begin MonoManager ReloadAssembly
Native extension for WindowsStandalone target not found
Refreshing native plugins compatible for Editor in 0.49 ms, found 1 plugins.
Preloading 0 native plugins for Editor in 0.00 ms.
Mono: successfully reloaded assembly
- Completed reload, in  1.747 seconds
Platform modules already initialized, skipping
Refreshing native plugins compatible for Editor in 0.50 ms, found 1 plugins.
Preloading 0 native plugins for Editor in 0.00 ms.
Unloading 1806 Unused Serialized files (Serialized files now loaded: 0)
System memory in use before: 88.3 MB.
System memory in use after: 88.3 MB.

Unloading 12 unused Assets to reduce memory usage. Loaded Objects now: 2378.
Total: 3.281500 ms (FindLiveObjects: 0.299300 ms CreateObjectMapping: 0.183900 ms MarkObjects: 2.656100 ms  DeleteObjects: 0.141000 ms)

========================================================================
Received Prepare
Registering precompiled user dll's ...
Registered in 0.003628 seconds.
Begin MonoManager ReloadAssembly
Native extension for WindowsStandalone target not found
Refreshing native plugins compatible for Editor in 0.82 ms, found 1 plugins.
Preloading 0 native plugins for Editor in 0.00 ms.
Mono: successfully reloaded assembly
- Completed reload, in  2.189 seconds
Platform modules already initialized, skipping
Refreshing native plugins compatible for Editor in 0.55 ms, found 1 plugins.
Preloading 0 native plugins for Editor in 0.00 ms.
Unloading 1806 Unused Serialized files (Serialized files now loaded: 0)
System memory in use before: 88.3 MB.
System memory in use after: 88.3 MB.

Unloading 12 unused Assets to reduce memory usage. Loaded Objects now: 2382.
Total: 4.523700 ms (FindLiveObjects: 0.253500 ms CreateObjectMapping: 0.108900 ms MarkObjects: 3.977700 ms  DeleteObjects: 0.181500 ms)

========================================================================
Received Import Request.
  Time since last request: 1325.384202 seconds.
  path: ProjectSettings/TagManager.asset
  artifactKey: Guid(00000000000000003000000000000000) Importer(815301076,1909f56bfc062723c751e8b465ee728b)
Start importing ProjectSettings/TagManager.asset using Guid(00000000000000003000000000000000) Importer(815301076,1909f56bfc062723c751e8b465ee728b)  -> (artifact id: '6971126f1aa1fd8497eecf80a2ab76ec') in 0.020521 seconds
  Import took 0.024721 seconds .

========================================================================
Received Prepare
Registering precompiled user dll's ...
Registered in 0.003373 seconds.
Begin MonoManager ReloadAssembly
Native extension for WindowsStandalone target not found
Refreshing native plugins compatible for Editor in 0.51 ms, found 1 plugins.
Preloading 0 native plugins for Editor in 0.00 ms.
Mono: successfully reloaded assembly
- Completed reload, in  1.751 seconds
Platform modules already initialized, skipping
Refreshing native plugins compatible for Editor in 0.43 ms, found 1 plugins.
Preloading 0 native plugins for Editor in 0.00 ms.
Unloading 1806 Unused Serialized files (Serialized files now loaded: 0)
System memory in use before: 88.4 MB.
System memory in use after: 88.3 MB.

Unloading 13 unused Assets to reduce memory usage. Loaded Objects now: 2386.
Total: 3.000200 ms (FindLiveObjects: 0.208900 ms CreateObjectMapping: 0.071000 ms MarkObjects: 2.570400 ms  DeleteObjects: 0.149000 ms)

========================================================================
Received Import Request.
  Time since last request: 97.051486 seconds.
  path: Assets/Player.cs
  artifactKey: Guid(90cc2ba0995f55d458c45451971ab546) Importer(815301076,1909f56bfc062723c751e8b465ee728b)
Start importing Assets/Player.cs using Guid(90cc2ba0995f55d458c45451971ab546) Importer(815301076,1909f56bfc062723c751e8b465ee728b)  -> (artifact id: 'd1d30262b9069383312f84c0e0c3afcb') in 0.006987 seconds
  Import took 0.010615 seconds .

========================================================================
Received Import Request.
  Time since last request: 0.000725 seconds.
  path: Assets/Player.cs
  artifactKey: Guid(90cc2ba0995f55d458c45451971ab546) Importer(815301076,1909f56bfc062723c751e8b465ee728b)
Start importing Assets/Player.cs using Guid(90cc2ba0995f55d458c45451971ab546) Importer(815301076,1909f56bfc062723c751e8b465ee728b)  -> (artifact id: 'd1d30262b9069383312f84c0e0c3afcb') in 0.004205 seconds
  Import took 0.007777 seconds .

========================================================================
Received Prepare
Registering precompiled user dll's ...
Registered in 0.002886 seconds.
Begin MonoManager ReloadAssembly
Native extension for WindowsStandalone target not found
Refreshing native plugins compatible for Editor in 1.42 ms, found 1 plugins.
Preloading 0 native plugins for Editor in 0.00 ms.
Mono: successfully reloaded assembly
- Completed reload, in  1.848 seconds
Platform modules already initialized, skipping
Refreshing native plugins compatible for Editor in 0.53 ms, found 1 plugins.
Preloading 0 native plugins for Editor in 0.00 ms.
Unloading 1806 Unused Serialized files (Serialized files now loaded: 0)
System memory in use before: 88.4 MB.
System memory in use after: 88.3 MB.

Unloading 12 unused Assets to reduce memory usage. Loaded Objects now: 2390.
Total: 3.516800 ms (FindLiveObjects: 0.322900 ms CreateObjectMapping: 0.187800 ms MarkObjects: 2.838500 ms  DeleteObjects: 0.165900 ms)

========================================================================
Received Prepare
Registering precompiled user dll's ...
Registered in 0.003867 seconds.
Begin MonoManager ReloadAssembly
Native extension for WindowsStandalone target not found
Refreshing native plugins compatible for Editor in 0.51 ms, found 1 plugins.
Preloading 0 native plugins for Editor in 0.00 ms.
Mono: successfully reloaded assembly
- Completed reload, in  2.159 seconds
Platform modules already initialized, skipping
Refreshing native plugins compatible for Editor in 0.67 ms, found 1 plugins.
Preloading 0 native plugins for Editor in 0.00 ms.
Unloading 1806 Unused Serialized files (Serialized files now loaded: 0)
System memory in use before: 88.4 MB.
System memory in use after: 88.3 MB.

Unloading 12 unused Assets to reduce memory usage. Loaded Objects now: 2394.
Total: 6.067600 ms (FindLiveObjects: 0.421600 ms CreateObjectMapping: 0.261100 ms MarkObjects: 4.940200 ms  DeleteObjects: 0.440300 ms)

========================================================================
Received Prepare
Registering precompiled user dll's ...
Registered in 0.006052 seconds.
Begin MonoManager ReloadAssembly
Native extension for WindowsStandalone target not found
Refreshing native plugins compatible for Editor in 0.60 ms, found 1 plugins.
Preloading 0 native plugins for Editor in 0.00 ms.
Mono: successfully reloaded assembly
- Completed reload, in  2.342 seconds
Platform modules already initialized, skipping
Refreshing native plugins compatible for Editor in 0.52 ms, found 1 plugins.
Preloading 0 native plugins for Editor in 0.00 ms.
Unloading 1806 Unused Serialized files (Serialized files now loaded: 0)
System memory in use before: 88.4 MB.
System memory in use after: 88.4 MB.

Unloading 12 unused Assets to reduce memory usage. Loaded Objects now: 2398.
Total: 3.467500 ms (FindLiveObjects: 0.332600 ms CreateObjectMapping: 0.207400 ms MarkObjects: 2.754000 ms  DeleteObjects: 0.171400 ms)

========================================================================
Received Prepare
Registering precompiled user dll's ...
Registered in 0.006054 seconds.
Begin MonoManager ReloadAssembly
Native extension for WindowsStandalone target not found
Refreshing native plugins compatible for Editor in 0.58 ms, found 1 plugins.
Preloading 0 native plugins for Editor in 0.00 ms.
Mono: successfully reloaded assembly
- Completed reload, in  1.920 seconds
Platform modules already initialized, skipping
Refreshing native plugins compatible for Editor in 0.52 ms, found 1 plugins.
Preloading 0 native plugins for Editor in 0.00 ms.
Unloading 1806 Unused Serialized files (Serialized files now loaded: 0)
System memory in use before: 88.4 MB.
System memory in use after: 88.4 MB.

Unloading 12 unused Assets to reduce memory usage. Loaded Objects now: 2402.
Total: 2.953100 ms (FindLiveObjects: 0.323600 ms CreateObjectMapping: 0.097100 ms MarkObjects: 2.383200 ms  DeleteObjects: 0.147400 ms)

========================================================================
Received Prepare
Registering precompiled user dll's ...
Registered in 0.002435 seconds.
Begin MonoManager ReloadAssembly
Native extension for WindowsStandalone target not found
Refreshing native plugins compatible for Editor in 0.91 ms, found 1 plugins.
Preloading 0 native plugins for Editor in 0.00 ms.
Mono: successfully reloaded assembly
- Completed reload, in  1.864 seconds
Platform modules already initialized, skipping
Refreshing native plugins compatible for Editor in 0.43 ms, found 1 plugins.
Preloading 0 native plugins for Editor in 0.00 ms.
Unloading 1806 Unused Serialized files (Serialized files now loaded: 0)
System memory in use before: 88.4 MB.
System memory in use after: 88.4 MB.

Unloading 12 unused Assets to reduce memory usage. Loaded Objects now: 2406.
Total: 2.336900 ms (FindLiveObjects: 0.248300 ms CreateObjectMapping: 0.137500 ms MarkObjects: 1.823600 ms  DeleteObjects: 0.126300 ms)

========================================================================
Received Prepare
Registering precompiled user dll's ...
Registered in 0.002995 seconds.
Begin MonoManager ReloadAssembly
Native extension for WindowsStandalone target not found
Refreshing native plugins compatible for Editor in 0.55 ms, found 1 plugins.
Preloading 0 native plugins for Editor in 0.00 ms.
Mono: successfully reloaded assembly
- Completed reload, in  1.882 seconds
Platform modules already initialized, skipping
Refreshing native plugins compatible for Editor in 0.43 ms, found 1 plugins.
Preloading 0 native plugins for Editor in 0.00 ms.
Unloading 1806 Unused Serialized files (Serialized files now loaded: 0)
System memory in use before: 88.4 MB.
System memory in use after: 88.4 MB.

Unloading 12 unused Assets to reduce memory usage. Loaded Objects now: 2410.
Total: 2.692700 ms (FindLiveObjects: 0.214300 ms CreateObjectMapping: 0.094700 ms MarkObjects: 2.229000 ms  DeleteObjects: 0.153200 ms)

========================================================================
Received Prepare
Registering precompiled user dll's ...
Registered in 0.002950 seconds.
Begin MonoManager ReloadAssembly
Native extension for WindowsStandalone target not found
Refreshing native plugins compatible for Editor in 0.45 ms, found 1 plugins.
Preloading 0 native plugins for Editor in 0.00 ms.
Mono: successfully reloaded assembly
- Completed reload, in  1.946 seconds
Platform modules already initialized, skipping
Refreshing native plugins compatible for Editor in 0.69 ms, found 1 plugins.
Preloading 0 native plugins for Editor in 0.00 ms.
Unloading 1806 Unused Serialized files (Serialized files now loaded: 0)
System memory in use before: 88.4 MB.
System memory in use after: 88.4 MB.

Unloading 12 unused Assets to reduce memory usage. Loaded Objects now: 2414.
Total: 4.381100 ms (FindLiveObjects: 0.386200 ms CreateObjectMapping: 0.245600 ms MarkObjects: 3.538000 ms  DeleteObjects: 0.209300 ms)

========================================================================
Received Prepare
Registering precompiled user dll's ...
Registered in 0.002523 seconds.
Begin MonoManager ReloadAssembly
Native extension for WindowsStandalone target not found
Refreshing native plugins compatible for Editor in 0.95 ms, found 1 plugins.
Preloading 0 native plugins for Editor in 0.00 ms.
Mono: successfully reloaded assembly
- Completed reload, in  1.871 seconds
Platform modules already initialized, skipping
Refreshing native plugins compatible for Editor in 0.72 ms, found 1 plugins.
Preloading 0 native plugins for Editor in 0.00 ms.
Unloading 1806 Unused Serialized files (Serialized files now loaded: 0)
System memory in use before: 88.4 MB.
System memory in use after: 88.4 MB.

Unloading 12 unused Assets to reduce memory usage. Loaded Objects now: 2418.
Total: 2.740700 ms (FindLiveObjects: 0.268900 ms CreateObjectMapping: 0.150900 ms MarkObjects: 2.187700 ms  DeleteObjects: 0.132000 ms)

========================================================================
Received Prepare
Registering precompiled user dll's ...
Registered in 0.003684 seconds.
Begin MonoManager ReloadAssembly
Native extension for WindowsStandalone target not found
Refreshing native plugins compatible for Editor in 0.44 ms, found 1 plugins.
Preloading 0 native plugins for Editor in 0.00 ms.
Mono: successfully reloaded assembly
- Completed reload, in  1.894 seconds
Platform modules already initialized, skipping
Refreshing native plugins compatible for Editor in 0.43 ms, found 1 plugins.
Preloading 0 native plugins for Editor in 0.00 ms.
Unloading 1806 Unused Serialized files (Serialized files now loaded: 0)
System memory in use before: 88.4 MB.
System memory in use after: 88.4 MB.

Unloading 12 unused Assets to reduce memory usage. Loaded Objects now: 2422.
Total: 4.179400 ms (FindLiveObjects: 0.254000 ms CreateObjectMapping: 0.156100 ms MarkObjects: 3.538200 ms  DeleteObjects: 0.229900 ms)

========================================================================
Received Prepare
Registering precompiled user dll's ...
Registered in 0.002574 seconds.
Begin MonoManager ReloadAssembly
Native extension for WindowsStandalone target not found
Refreshing native plugins compatible for Editor in 0.42 ms, found 1 plugins.
Preloading 0 native plugins for Editor in 0.00 ms.
Mono: successfully reloaded assembly
- Completed reload, in  1.884 seconds
Platform modules already initialized, skipping
Refreshing native plugins compatible for Editor in 0.46 ms, found 1 plugins.
Preloading 0 native plugins for Editor in 0.00 ms.
Unloading 1806 Unused Serialized files (Serialized files now loaded: 0)
System memory in use before: 88.4 MB.
System memory in use after: 88.4 MB.

Unloading 12 unused Assets to reduce memory usage. Loaded Objects now: 2426.
Total: 3.286600 ms (FindLiveObjects: 0.371600 ms CreateObjectMapping: 0.210300 ms MarkObjects: 2.555300 ms  DeleteObjects: 0.148200 ms)

========================================================================
Received Prepare
Registering precompiled user dll's ...
Registered in 0.004480 seconds.
Begin MonoManager ReloadAssembly
Native extension for WindowsStandalone target not found
Refreshing native plugins compatible for Editor in 1.12 ms, found 1 plugins.
Preloading 0 native plugins for Editor in 0.00 ms.
Mono: successfully reloaded assembly
- Completed reload, in  1.924 seconds
Platform modules already initialized, skipping
Refreshing native plugins compatible for Editor in 0.48 ms, found 1 plugins.
Preloading 0 native plugins for Editor in 0.00 ms.
Unloading 1806 Unused Serialized files (Serialized files now loaded: 0)
System memory in use before: 88.5 MB.
System memory in use after: 88.4 MB.

Unloading 12 unused Assets to reduce memory usage. Loaded Objects now: 2430.
Total: 5.289600 ms (FindLiveObjects: 0.450200 ms CreateObjectMapping: 0.281100 ms MarkObjects: 4.403100 ms  DeleteObjects: 0.153100 ms)

========================================================================
Received Prepare
Registering precompiled user dll's ...
Registered in 0.003148 seconds.
Begin MonoManager ReloadAssembly
Native extension for WindowsStandalone target not found
Refreshing native plugins compatible for Editor in 0.49 ms, found 1 plugins.
Preloading 0 native plugins for Editor in 0.00 ms.
Mono: successfully reloaded assembly
- Completed reload, in  1.843 seconds
Platform modules already initialized, skipping
Refreshing native plugins compatible for Editor in 0.57 ms, found 1 plugins.
Preloading 0 native plugins for Editor in 0.00 ms.
Unloading 1806 Unused Serialized files (Serialized files now loaded: 0)
System memory in use before: 88.5 MB.
System memory in use after: 88.4 MB.

Unloading 12 unused Assets to reduce memory usage. Loaded Objects now: 2434.
Total: 3.474100 ms (FindLiveObjects: 0.329900 ms CreateObjectMapping: 0.201100 ms MarkObjects: 2.778100 ms  DeleteObjects: 0.162800 ms)

========================================================================
Received Prepare
Registering precompiled user dll's ...
Registered in 0.003766 seconds.
Begin MonoManager ReloadAssembly
Native extension for WindowsStandalone target not found
Refreshing native plugins compatible for Editor in 0.46 ms, found 1 plugins.
Preloading 0 native plugins for Editor in 0.00 ms.
Mono: successfully reloaded assembly
- Completed reload, in  2.066 seconds
Platform modules already initialized, skipping
Refreshing native plugins compatible for Editor in 0.41 ms, found 1 plugins.
Preloading 0 native plugins for Editor in 0.00 ms.
Unloading 1806 Unused Serialized files (Serialized files now loaded: 0)
System memory in use before: 88.5 MB.
System memory in use after: 88.4 MB.

Unloading 12 unused Assets to reduce memory usage. Loaded Objects now: 2438.
Total: 4.317400 ms (FindLiveObjects: 0.223200 ms CreateObjectMapping: 0.078100 ms MarkObjects: 3.743500 ms  DeleteObjects: 0.270400 ms)

========================================================================
Received Prepare
Registering precompiled user dll's ...
Registered in 0.003724 seconds.
Begin MonoManager ReloadAssembly
Native extension for WindowsStandalone target not found
Refreshing native plugins compatible for Editor in 0.83 ms, found 1 plugins.
Preloading 0 native plugins for Editor in 0.00 ms.
Mono: successfully reloaded assembly
- Completed reload, in  1.703 seconds
Platform modules already initialized, skipping
Refreshing native plugins compatible for Editor in 0.52 ms, found 1 plugins.
Preloading 0 native plugins for Editor in 0.00 ms.
Unloading 1806 Unused Serialized files (Serialized files now loaded: 0)
System memory in use before: 88.5 MB.
System memory in use after: 88.5 MB.

Unloading 12 unused Assets to reduce memory usage. Loaded Objects now: 2442.
Total: 2.799900 ms (FindLiveObjects: 0.238400 ms CreateObjectMapping: 0.093200 ms MarkObjects: 2.322400 ms  DeleteObjects: 0.144100 ms)

========================================================================
Received Prepare
Registering precompiled user dll's ...
Registered in 0.003450 seconds.
Begin MonoManager ReloadAssembly
Native extension for WindowsStandalone target not found
Refreshing native plugins compatible for Editor in 0.51 ms, found 1 plugins.
Preloading 0 native plugins for Editor in 0.00 ms.
Mono: successfully reloaded assembly
- Completed reload, in  1.704 seconds
Platform modules already initialized, skipping
Refreshing native plugins compatible for Editor in 0.42 ms, found 1 plugins.
Preloading 0 native plugins for Editor in 0.00 ms.
Unloading 1806 Unused Serialized files (Serialized files now loaded: 0)
System memory in use before: 88.5 MB.
System memory in use after: 88.5 MB.

Unloading 12 unused Assets to reduce memory usage. Loaded Objects now: 2446.
Total: 2.857500 ms (FindLiveObjects: 0.222100 ms CreateObjectMapping: 0.073000 ms MarkObjects: 2.416900 ms  DeleteObjects: 0.144500 ms)

========================================================================
Received Prepare
Registering precompiled user dll's ...
Registered in 0.003122 seconds.
Begin MonoManager ReloadAssembly
Native extension for WindowsStandalone target not found
Refreshing native plugins compatible for Editor in 0.45 ms, found 1 plugins.
Preloading 0 native plugins for Editor in 0.00 ms.
Mono: successfully reloaded assembly
- Completed reload, in  1.895 seconds
Platform modules already initialized, skipping
Refreshing native plugins compatible for Editor in 0.54 ms, found 1 plugins.
Preloading 0 native plugins for Editor in 0.00 ms.
Unloading 1806 Unused Serialized files (Serialized files now loaded: 0)
System memory in use before: 88.5 MB.
System memory in use after: 88.5 MB.

Unloading 12 unused Assets to reduce memory usage. Loaded Objects now: 2450.
Total: 2.791600 ms (FindLiveObjects: 0.283800 ms CreateObjectMapping: 0.160400 ms MarkObjects: 2.209500 ms  DeleteObjects: 0.136600 ms)

========================================================================
Received Prepare
Registering precompiled user dll's ...
Registered in 0.002942 seconds.
Begin MonoManager ReloadAssembly
Native extension for WindowsStandalone target not found
Refreshing native plugins compatible for Editor in 0.49 ms, found 1 plugins.
Preloading 0 native plugins for Editor in 0.00 ms.
Mono: successfully reloaded assembly
- Completed reload, in  2.233 seconds
Platform modules already initialized, skipping
Refreshing native plugins compatible for Editor in 0.51 ms, found 1 plugins.
Preloading 0 native plugins for Editor in 0.00 ms.
Unloading 1806 Unused Serialized files (Serialized files now loaded: 0)
System memory in use before: 88.5 MB.
System memory in use after: 88.5 MB.

Unloading 12 unused Assets to reduce memory usage. Loaded Objects now: 2454.
Total: 2.575300 ms (FindLiveObjects: 0.218800 ms CreateObjectMapping: 0.075700 ms MarkObjects: 2.145000 ms  DeleteObjects: 0.134400 ms)

========================================================================
Received Prepare
Registering precompiled user dll's ...
Registered in 0.004772 seconds.
Begin MonoManager ReloadAssembly
Native extension for WindowsStandalone target not found
Refreshing native plugins compatible for Editor in 0.54 ms, found 1 plugins.
Preloading 0 native plugins for Editor in 0.00 ms.
Mono: successfully reloaded assembly
- Completed reload, in  1.849 seconds
Platform modules already initialized, skipping
Refreshing native plugins compatible for Editor in 0.45 ms, found 1 plugins.
Preloading 0 native plugins for Editor in 0.00 ms.
Unloading 1806 Unused Serialized files (Serialized files now loaded: 0)
System memory in use before: 88.5 MB.
System memory in use after: 88.5 MB.

Unloading 12 unused Assets to reduce memory usage. Loaded Objects now: 2458.
Total: 2.688600 ms (FindLiveObjects: 0.215900 ms CreateObjectMapping: 0.079200 ms MarkObjects: 2.255300 ms  DeleteObjects: 0.137100 ms)

========================================================================
Received Prepare
Registering precompiled user dll's ...
Registered in 0.003775 seconds.
Begin MonoManager ReloadAssembly
Native extension for WindowsStandalone target not found
Refreshing native plugins compatible for Editor in 0.51 ms, found 1 plugins.
Preloading 0 native plugins for Editor in 0.00 ms.
Mono: successfully reloaded assembly
- Completed reload, in  1.984 seconds
Platform modules already initialized, skipping
Refreshing native plugins compatible for Editor in 0.61 ms, found 1 plugins.
Preloading 0 native plugins for Editor in 0.00 ms.
Unloading 1806 Unused Serialized files (Serialized files now loaded: 0)
System memory in use before: 88.5 MB.
System memory in use after: 88.5 MB.

Unloading 12 unused Assets to reduce memory usage. Loaded Objects now: 2462.
Total: 3.333400 ms (FindLiveObjects: 0.321100 ms CreateObjectMapping: 0.184900 ms MarkObjects: 2.664400 ms  DeleteObjects: 0.161200 ms)

========================================================================
Received Prepare
Registering precompiled user dll's ...
Registered in 0.002543 seconds.
Begin MonoManager ReloadAssembly
Native extension for WindowsStandalone target not found
Refreshing native plugins compatible for Editor in 1.02 ms, found 1 plugins.
Preloading 0 native plugins for Editor in 0.00 ms.
Mono: successfully reloaded assembly
- Completed reload, in  1.947 seconds
Platform modules already initialized, skipping
Refreshing native plugins compatible for Editor in 0.57 ms, found 1 plugins.
Preloading 0 native plugins for Editor in 0.00 ms.
Unloading 1806 Unused Serialized files (Serialized files now loaded: 0)
System memory in use before: 88.5 MB.
System memory in use after: 88.5 MB.

Unloading 12 unused Assets to reduce memory usage. Loaded Objects now: 2466.
Total: 3.789900 ms (FindLiveObjects: 0.339900 ms CreateObjectMapping: 0.201900 ms MarkObjects: 3.066800 ms  DeleteObjects: 0.179400 ms)

========================================================================
Received Prepare
Registering precompiled user dll's ...
Registered in 0.005857 seconds.
Begin MonoManager ReloadAssembly
Native extension for WindowsStandalone target not found
Refreshing native plugins compatible for Editor in 0.70 ms, found 1 plugins.
Preloading 0 native plugins for Editor in 0.00 ms.
Mono: successfully reloaded assembly
- Completed reload, in  2.305 seconds
Platform modules already initialized, skipping
Refreshing native plugins compatible for Editor in 0.60 ms, found 1 plugins.
Preloading 0 native plugins for Editor in 0.00 ms.
Unloading 1806 Unused Serialized files (Serialized files now loaded: 0)
System memory in use before: 88.5 MB.
System memory in use after: 88.5 MB.

Unloading 12 unused Assets to reduce memory usage. Loaded Objects now: 2470.
Total: 3.921100 ms (FindLiveObjects: 0.351200 ms CreateObjectMapping: 0.209800 ms MarkObjects: 3.171600 ms  DeleteObjects: 0.186600 ms)

AssetImportWorkerClient::OnTransportError - code=2 error=End of file
